[2022-07-12T23:15:51.766] [DEBUG] cheese - login => username:admin,password:123456
[2022-07-12T23:15:51.767] [DEBUG] cheese - admin
[2022-07-12T23:15:51.785] [DEBUG] cheese - null
[2022-07-12T23:15:51.786] [DEBUG] cheese - null
[2022-07-13T16:47:20.682] [DEBUG] cheese - login => username:1231231,password:123123
[2022-07-13T16:47:20.683] [DEBUG] cheese - 1231231
[2022-07-13T16:47:20.770] [DEBUG] cheese - null
[2022-07-13T16:47:20.771] [DEBUG] cheese - null
[2022-07-13T16:47:27.924] [DEBUG] cheese - login => username:admin,password:123456
[2022-07-13T16:47:27.924] [DEBUG] cheese - admin
[2022-07-13T16:47:27.932] [DEBUG] cheese - null
[2022-07-13T16:47:27.932] [DEBUG] cheese - null
[2022-07-13T16:49:56.539] [DEBUG] cheese - login => username:admin,password:123456
[2022-07-13T16:49:56.540] [DEBUG] cheese - admin
[2022-07-13T16:49:56.545] [DEBUG] cheese - null
[2022-07-13T16:49:56.546] [DEBUG] cheese - null
[2022-07-13T16:50:00.772] [DEBUG] cheese - login => username:admin,password:123456
[2022-07-13T16:50:00.772] [DEBUG] cheese - admin
[2022-07-13T16:50:00.778] [DEBUG] cheese - null
[2022-07-13T16:50:00.778] [DEBUG] cheese - null
[2022-07-13T16:50:19.284] [DEBUG] cheese - login => username:admin,password:123456
[2022-07-13T16:50:19.284] [DEBUG] cheese - admin
[2022-07-13T16:50:19.288] [DEBUG] cheese - null
[2022-07-13T16:50:19.288] [DEBUG] cheese - null
[2022-07-13T16:52:02.038] [DEBUG] cheese - login => username:admin,password:123456
[2022-07-13T16:52:02.038] [DEBUG] cheese - admin
[2022-07-13T16:52:02.053] [DEBUG] cheese - null
[2022-07-13T16:52:02.053] [DEBUG] cheese - null
[2022-07-13T16:53:00.885] [DEBUG] cheese - login => username:admin,password:123456
[2022-07-13T16:53:00.885] [DEBUG] cheese - admin
[2022-07-13T16:53:00.887] [DEBUG] cheese - null
[2022-07-13T16:53:00.887] [DEBUG] cheese - null
[2022-07-13T17:23:04.202] [DEBUG] cheese - login => username:1231,password:12312312
[2022-07-13T17:23:04.202] [DEBUG] cheese - 1231
[2022-07-13T17:23:04.209] [DEBUG] cheese - null
[2022-07-13T17:23:04.209] [DEBUG] cheese - null
[2022-07-13T17:23:08.995] [DEBUG] cheese - login => username:admin,password:123456
[2022-07-13T17:23:08.995] [DEBUG] cheese - admin
[2022-07-13T17:23:09.008] [DEBUG] cheese - null
[2022-07-13T17:23:09.008] [DEBUG] cheese - null
[2022-07-13T17:31:12.258] [DEBUG] cheese - login => username:admin,password:123456
[2022-07-13T17:31:12.258] [DEBUG] cheese - admin
[2022-07-13T17:31:12.263] [DEBUG] cheese - null
[2022-07-13T17:31:12.263] [DEBUG] cheese - null
[2022-07-13T17:31:13.393] [DEBUG] cheese - login => username:admin,password:123456
[2022-07-13T17:31:13.393] [DEBUG] cheese - admin
[2022-07-13T17:31:13.405] [DEBUG] cheese - null
[2022-07-13T17:31:13.405] [DEBUG] cheese - null
[2022-07-13T17:31:14.250] [DEBUG] cheese - login => username:admin,password:123456
[2022-07-13T17:31:14.250] [DEBUG] cheese - admin
[2022-07-13T17:31:14.253] [DEBUG] cheese - null
[2022-07-13T17:31:14.253] [DEBUG] cheese - null
[2022-07-13T17:31:14.753] [DEBUG] cheese - login => username:admin,password:123456
[2022-07-13T17:31:14.753] [DEBUG] cheese - admin
[2022-07-13T17:31:14.755] [DEBUG] cheese - null
[2022-07-13T17:31:14.755] [DEBUG] cheese - null
[2022-07-13T17:31:14.951] [DEBUG] cheese - login => username:admin,password:123456
[2022-07-13T17:31:14.951] [DEBUG] cheese - admin
[2022-07-13T17:31:14.953] [DEBUG] cheese - null
[2022-07-13T17:31:14.953] [DEBUG] cheese - null
[2022-07-13T17:31:15.119] [DEBUG] cheese - login => username:admin,password:123456
[2022-07-13T17:31:15.119] [DEBUG] cheese - admin
[2022-07-13T17:31:15.130] [DEBUG] cheese - null
[2022-07-13T17:31:15.130] [DEBUG] cheese - null
[2022-07-13T17:31:15.264] [DEBUG] cheese - login => username:admin,password:123456
[2022-07-13T17:31:15.264] [DEBUG] cheese - admin
[2022-07-13T17:31:15.267] [DEBUG] cheese - null
[2022-07-13T17:31:15.267] [DEBUG] cheese - null
[2022-07-13T17:31:15.416] [DEBUG] cheese - login => username:admin,password:123456
[2022-07-13T17:31:15.416] [DEBUG] cheese - admin
[2022-07-13T17:31:15.430] [DEBUG] cheese - null
[2022-07-13T17:31:15.430] [DEBUG] cheese - null
[2022-07-13T17:31:15.576] [DEBUG] cheese - login => username:admin,password:123456
[2022-07-13T17:31:15.576] [DEBUG] cheese - admin
[2022-07-13T17:31:15.579] [DEBUG] cheese - null
[2022-07-13T17:31:15.579] [DEBUG] cheese - null
[2022-07-13T17:31:15.717] [DEBUG] cheese - login => username:admin,password:123456
[2022-07-13T17:31:15.717] [DEBUG] cheese - admin
[2022-07-13T17:31:15.720] [DEBUG] cheese - null
[2022-07-13T17:31:15.720] [DEBUG] cheese - null
[2022-07-13T17:31:20.885] [DEBUG] cheese - login => username:admin1,password:123456
[2022-07-13T17:31:20.885] [DEBUG] cheese - admin1
[2022-07-13T17:31:20.887] [DEBUG] cheese - null
[2022-07-13T17:31:20.887] [DEBUG] cheese - null
[2022-07-13T17:31:21.020] [DEBUG] cheese - login => username:admin1,password:123456
[2022-07-13T17:31:21.020] [DEBUG] cheese - admin1
[2022-07-13T17:31:21.023] [DEBUG] cheese - null
[2022-07-13T17:31:21.023] [DEBUG] cheese - null
[2022-07-13T17:31:21.168] [DEBUG] cheese - login => username:admin1,password:123456
[2022-07-13T17:31:21.168] [DEBUG] cheese - admin1
[2022-07-13T17:31:21.170] [DEBUG] cheese - null
[2022-07-13T17:31:21.170] [DEBUG] cheese - null
[2022-07-13T17:31:21.312] [DEBUG] cheese - login => username:admin1,password:123456
[2022-07-13T17:31:21.312] [DEBUG] cheese - admin1
[2022-07-13T17:31:21.322] [DEBUG] cheese - null
[2022-07-13T17:31:21.322] [DEBUG] cheese - null
[2022-07-13T17:31:21.456] [DEBUG] cheese - login => username:admin1,password:123456
[2022-07-13T17:31:21.456] [DEBUG] cheese - admin1
[2022-07-13T17:31:21.457] [DEBUG] cheese - null
[2022-07-13T17:31:21.457] [DEBUG] cheese - null
[2022-07-13T17:31:21.596] [DEBUG] cheese - login => username:admin1,password:123456
[2022-07-13T17:31:21.596] [DEBUG] cheese - admin1
[2022-07-13T17:31:21.600] [DEBUG] cheese - null
[2022-07-13T17:31:21.600] [DEBUG] cheese - null
[2022-07-13T17:31:21.728] [DEBUG] cheese - login => username:admin1,password:123456
[2022-07-13T17:31:21.728] [DEBUG] cheese - admin1
[2022-07-13T17:31:21.729] [DEBUG] cheese - null
[2022-07-13T17:31:21.729] [DEBUG] cheese - null
[2022-07-13T17:39:27.753] [DEBUG] cheese - login => username:admin,password:123456
[2022-07-13T17:39:27.753] [DEBUG] cheese - admin
[2022-07-13T17:39:27.755] [DEBUG] cheese - null
[2022-07-13T17:39:27.755] [DEBUG] cheese - null
[2022-07-13T17:39:54.734] [DEBUG] cheese - login => username:admin,password:123456
[2022-07-13T17:39:54.734] [DEBUG] cheese - admin
[2022-07-13T17:39:54.735] [DEBUG] cheese - null
[2022-07-13T17:39:54.736] [DEBUG] cheese - null
[2022-07-13T17:40:00.307] [DEBUG] cheese - login => username:admin,password:123456
[2022-07-13T17:40:00.308] [DEBUG] cheese - admin
[2022-07-13T17:40:00.311] [DEBUG] cheese - null
[2022-07-13T17:40:00.312] [DEBUG] cheese - null
[2022-07-13T17:40:15.374] [DEBUG] cheese - login => username:admin,password:123456
[2022-07-13T17:40:15.375] [DEBUG] cheese - admin
[2022-07-13T17:40:15.378] [DEBUG] cheese - null
[2022-07-13T17:40:15.379] [DEBUG] cheese - null
[2022-07-13T17:42:25.541] [DEBUG] cheese - login => username:admin,password:123456
[2022-07-13T17:42:25.541] [DEBUG] cheese - admin
[2022-07-13T17:42:25.543] [DEBUG] cheese - null
[2022-07-13T17:42:25.543] [DEBUG] cheese - null
[2022-07-13T17:42:56.272] [DEBUG] cheese - login => username:admin,password:123456
[2022-07-13T17:42:56.272] [DEBUG] cheese - admin
[2022-07-13T17:42:56.274] [DEBUG] cheese - null
[2022-07-13T17:42:56.274] [DEBUG] cheese - null
[2022-07-13T18:08:47.696] [DEBUG] cheese - login => username:admin,password:123456
[2022-07-13T18:08:47.698] [DEBUG] cheese - admin
[2022-07-13T18:08:47.769] [DEBUG] cheese - null
[2022-07-13T18:08:47.770] [DEBUG] cheese - null
[2022-07-13T18:10:46.562] [DEBUG] cheese - login => username:admin,password:123456
[2022-07-13T18:10:46.562] [DEBUG] cheese - admin
[2022-07-13T18:10:46.570] [DEBUG] cheese - null
[2022-07-13T18:10:46.570] [DEBUG] cheese - null
[2022-07-13T22:40:56.066] [DEBUG] cheese - login => username:admin,password:123456
[2022-07-13T22:40:56.070] [DEBUG] cheese - admin
[2022-07-13T22:40:56.100] [DEBUG] cheese - null
[2022-07-13T22:40:56.100] [DEBUG] cheese - null
[2022-07-13T22:42:12.050] [DEBUG] cheese - login => username:admin,password:123456
[2022-07-13T22:42:12.051] [DEBUG] cheese - admin
[2022-07-13T22:42:12.058] [DEBUG] cheese - null
[2022-07-13T22:42:12.058] [DEBUG] cheese - null
[2022-07-13T23:36:03.553] [DEBUG] cheese - login => username:admin,password:123456
[2022-07-13T23:36:03.554] [DEBUG] cheese - admin
[2022-07-13T23:36:03.561] [DEBUG] cheese - null
[2022-07-13T23:36:03.561] [DEBUG] cheese - null
[2022-07-14T00:12:42.672] [DEBUG] cheese - login => username:admin,password:123456
[2022-07-14T00:12:42.673] [DEBUG] cheese - admin
[2022-07-14T00:12:42.677] [DEBUG] cheese - null
[2022-07-14T00:12:42.677] [DEBUG] cheese - null
[2022-07-14T17:03:59.259] [DEBUG] cheese - login => username:admin,password:123456
[2022-07-14T17:03:59.261] [DEBUG] cheese - admin
[2022-07-14T17:03:59.333] [DEBUG] cheese - null
[2022-07-14T17:03:59.333] [DEBUG] cheese - null
[2022-07-14T17:04:27.184] [DEBUG] cheese - login => username:admin,password:123456
[2022-07-14T17:04:27.184] [DEBUG] cheese - admin
[2022-07-14T17:04:27.191] [DEBUG] cheese - null
[2022-07-14T17:04:27.191] [DEBUG] cheese - null
[2022-07-14T17:09:56.516] [DEBUG] cheese - login => username:admin,password:123456
[2022-07-14T17:09:56.518] [DEBUG] cheese - admin
[2022-07-14T17:09:56.542] [DEBUG] cheese - null
[2022-07-14T17:09:56.542] [DEBUG] cheese - null
[2022-07-14T17:15:11.930] [DEBUG] cheese - login => username:admin,password:123456
[2022-07-14T17:15:11.930] [DEBUG] cheese - admin
[2022-07-14T17:15:11.938] [DEBUG] cheese - null
[2022-07-14T17:15:11.938] [DEBUG] cheese - null
[2022-07-14T17:15:36.513] [DEBUG] cheese - login => username:admin,password:123456
[2022-07-14T17:15:36.514] [DEBUG] cheese - admin
[2022-07-14T17:15:36.518] [DEBUG] cheese - null
[2022-07-14T17:15:36.518] [DEBUG] cheese - null
[2022-07-14T17:31:41.801] [DEBUG] cheese - login => username:admin,password:123456
[2022-07-14T17:31:41.801] [DEBUG] cheese - admin
[2022-07-14T17:31:41.803] [DEBUG] cheese - null
[2022-07-14T17:31:41.804] [DEBUG] cheese - null
[2022-07-14T18:04:38.063] [DEBUG] cheese - login => username:admin,password:123456
[2022-07-14T18:04:38.064] [DEBUG] cheese - admin
[2022-07-14T18:04:38.069] [DEBUG] cheese - null
[2022-07-14T18:04:38.069] [DEBUG] cheese - null
[2022-07-14T18:21:06.713] [DEBUG] cheese - login => username:admin,password:123456
[2022-07-14T18:21:06.713] [DEBUG] cheese - admin
[2022-07-14T18:21:06.717] [DEBUG] cheese - null
[2022-07-14T18:21:06.717] [DEBUG] cheese - null
[2022-07-14T21:55:20.692] [DEBUG] cheese - login => username:admin,password:123456
[2022-07-14T21:55:20.694] [DEBUG] cheese - admin
[2022-07-14T21:55:20.710] [DEBUG] cheese - null
[2022-07-14T21:55:20.710] [DEBUG] cheese - null
[2022-07-15T00:58:50.677] [DEBUG] cheese - login => username:admin,password:123456
[2022-07-15T00:58:50.677] [DEBUG] cheese - admin
[2022-07-15T00:58:50.686] [DEBUG] cheese - null
[2022-07-15T00:58:50.687] [DEBUG] cheese - null
[2022-07-15T01:00:35.714] [DEBUG] cheese - login => username:admin,password:123456
[2022-07-15T01:00:35.714] [DEBUG] cheese - admin
[2022-07-15T01:00:35.719] [DEBUG] cheese - null
[2022-07-15T01:00:35.720] [DEBUG] cheese - null
[2022-07-15T01:14:07.739] [DEBUG] cheese - login => username:admin,password:123456
[2022-07-15T01:14:07.739] [DEBUG] cheese - admin
[2022-07-15T01:14:07.743] [DEBUG] cheese - null
[2022-07-15T01:14:07.743] [DEBUG] cheese - null
[2022-07-15T01:16:04.038] [DEBUG] cheese - login => username:admin,password:123456
[2022-07-15T01:16:04.039] [DEBUG] cheese - admin
[2022-07-15T01:16:04.043] [DEBUG] cheese - null
[2022-07-15T01:16:04.043] [DEBUG] cheese - null
[2022-07-15T01:23:54.564] [DEBUG] cheese - login => username:admin,password:123456
[2022-07-15T01:23:54.564] [DEBUG] cheese - admin
[2022-07-15T01:23:54.569] [DEBUG] cheese - null
[2022-07-15T01:23:54.569] [DEBUG] cheese - null
[2022-07-15T13:49:57.093] [DEBUG] cheese - login => username:admin,password:123456
[2022-07-15T13:49:57.095] [DEBUG] cheese - admin
[2022-07-15T13:49:57.124] [DEBUG] cheese - null
[2022-07-15T13:49:57.125] [DEBUG] cheese - null
[2022-07-15T19:08:20.039] [DEBUG] cheese - login => username:admin,password:123456
[2022-07-15T19:08:20.049] [DEBUG] cheese - admin
[2022-07-15T19:08:20.096] [DEBUG] cheese - null
[2022-07-15T19:08:20.097] [DEBUG] cheese - null
[2022-07-16T14:03:10.522] [DEBUG] cheese - login => username:admin,password:123456
[2022-07-16T14:03:10.524] [DEBUG] cheese - admin
[2022-07-16T14:03:10.561] [DEBUG] cheese - null
[2022-07-16T14:03:10.562] [DEBUG] cheese - null
[2022-07-16T14:13:12.799] [DEBUG] cheese - login => username:admin,password:123456
[2022-07-16T14:13:12.799] [DEBUG] cheese - admin
[2022-07-16T14:13:12.801] [DEBUG] cheese - null
[2022-07-16T14:13:12.801] [DEBUG] cheese - null
[2022-07-16T15:30:28.535] [DEBUG] cheese - login => username:admin,password:123456
[2022-07-16T15:30:28.535] [DEBUG] cheese - admin
[2022-07-16T15:30:28.540] [DEBUG] cheese - null
[2022-07-16T15:30:28.540] [DEBUG] cheese - null
[2022-07-17T15:34:20.695] [DEBUG] cheese - login => username:admin,password:123456
[2022-07-17T15:34:20.702] [DEBUG] cheese - admin
[2022-07-17T15:34:20.804] [DEBUG] cheese - null
[2022-07-17T15:34:20.807] [DEBUG] cheese - null
[2022-07-17T16:40:28.904] [DEBUG] cheese - login => username:admin,password:123456
[2022-07-17T16:40:28.904] [DEBUG] cheese - admin
[2022-07-17T16:40:28.911] [DEBUG] cheese - null
[2022-07-17T16:40:28.912] [DEBUG] cheese - null
[2022-07-17T17:48:25.702] [DEBUG] cheese - login => username:admin,password:123456
[2022-07-17T17:48:25.704] [DEBUG] cheese - admin
[2022-07-17T17:48:25.776] [DEBUG] cheese - null
[2022-07-17T17:48:25.776] [DEBUG] cheese - null
[2022-07-18T12:52:05.201] [DEBUG] cheese - login => username:admin,password:123456
[2022-07-18T12:52:05.204] [DEBUG] cheese - admin
[2022-07-18T12:52:05.297] [DEBUG] cheese - null
[2022-07-18T12:52:05.298] [DEBUG] cheese - null
[2022-07-18T16:28:14.914] [DEBUG] cheese - null
[2022-07-18T16:28:50.723] [DEBUG] cheese - null
[2022-07-18T19:01:56.716] [DEBUG] cheese - null
[2022-07-18T19:04:54.224] [DEBUG] cheese - null
[2022-07-18T19:07:46.688] [DEBUG] cheese - null
[2022-07-18T19:08:25.831] [DEBUG] cheese - null
[2022-07-18T19:10:24.933] [DEBUG] cheese - null
[2022-07-19T10:43:37.437] [DEBUG] cheese - login => username:admin,password:123456
[2022-07-19T10:43:37.440] [DEBUG] cheese - admin
[2022-07-19T10:43:37.491] [DEBUG] cheese - null
[2022-07-19T10:43:37.492] [DEBUG] cheese - null
[2022-07-20T11:34:02.445] [DEBUG] cheese - login => username:admin,password:123456
[2022-07-20T11:34:02.448] [DEBUG] cheese - admin
[2022-07-20T11:34:02.480] [DEBUG] cheese - null
[2022-07-20T11:34:02.481] [DEBUG] cheese - null
[2022-07-21T15:28:01.431] [DEBUG] cheese - login => username:admin,password:123456
[2022-07-21T15:28:01.435] [DEBUG] cheese - admin
[2022-07-21T15:28:01.569] [DEBUG] cheese - null
[2022-07-21T15:28:01.570] [DEBUG] cheese - null
[2022-07-22T13:24:11.743] [DEBUG] cheese - login => username:admin,password:123456
[2022-07-22T13:24:11.745] [DEBUG] cheese - admin
[2022-07-22T13:24:11.826] [DEBUG] cheese - null
[2022-07-22T13:24:11.827] [DEBUG] cheese - null
[2022-07-25T10:37:15.457] [DEBUG] cheese - login => username:admin,password:123456
[2022-07-25T10:37:15.459] [DEBUG] cheese - admin
[2022-07-25T10:37:15.475] [DEBUG] cheese - null
[2022-07-25T10:37:15.476] [DEBUG] cheese - null
[2022-07-26T14:53:24.470] [DEBUG] cheese - login => username:admin,password:123456
[2022-07-26T14:53:24.473] [DEBUG] cheese - admin
[2022-07-26T14:53:24.525] [DEBUG] cheese - null
[2022-07-26T14:53:24.526] [DEBUG] cheese - null
[2022-07-27T10:48:20.706] [DEBUG] cheese - login => username:admin,password:123456
[2022-07-27T10:48:20.709] [DEBUG] cheese - admin
[2022-07-27T10:48:20.831] [DEBUG] cheese - null
[2022-07-27T10:48:20.832] [DEBUG] cheese - null
[2022-07-28T12:08:51.958] [DEBUG] cheese - login => username:admin,password:123456
[2022-07-28T12:08:51.962] [DEBUG] cheese - admin
[2022-07-28T12:08:52.052] [DEBUG] cheese - null
[2022-07-28T12:08:52.052] [DEBUG] cheese - null
[2022-07-29T09:33:58.733] [DEBUG] cheese - login => username:admin,password:123456
[2022-07-29T09:33:58.736] [DEBUG] cheese - admin
[2022-07-29T09:33:58.790] [DEBUG] cheese - null
[2022-07-29T09:33:58.791] [DEBUG] cheese - null
[2022-07-29T09:57:09.890] [DEBUG] cheese - null
[2022-07-29T10:02:10.113] [DEBUG] cheese - null
[2022-07-29T10:03:13.098] [DEBUG] cheese - null
[2022-07-29T20:52:50.324] [DEBUG] cheese - login => username:admin,password:123456
[2022-07-29T20:52:50.328] [DEBUG] cheese - admin
[2022-07-29T20:52:50.366] [DEBUG] cheese - null
[2022-07-29T20:52:50.367] [DEBUG] cheese - null
[2022-07-29T21:14:30.830] [DEBUG] cheese - login => username:admin,password:123456
[2022-07-29T21:14:30.831] [DEBUG] cheese - admin
[2022-07-29T21:14:30.846] [DEBUG] cheese - null
[2022-07-29T21:14:30.846] [DEBUG] cheese - null
[2022-08-08T11:57:04.846] [DEBUG] cheese - login => username:admin,password:123456
[2022-08-08T11:57:04.848] [DEBUG] cheese - admin
[2022-08-08T11:57:04.983] [DEBUG] cheese - null
[2022-08-08T11:57:04.984] [DEBUG] cheese - null
[2022-08-31T15:12:04.032] [DEBUG] cheese - login => username:admin,password:123456
[2022-08-31T15:12:04.034] [DEBUG] cheese - admin
[2022-08-31T15:12:04.196] [DEBUG] cheese - null
[2022-08-31T15:12:04.196] [DEBUG] cheese - null
[2022-09-23T00:13:27.258] [DEBUG] cheese - login => username:admin,password:123456
[2022-09-23T00:13:27.259] [DEBUG] cheese - admin
[2022-09-23T00:13:27.275] [DEBUG] cheese - null
[2022-09-23T00:13:27.276] [DEBUG] cheese - null
[2022-10-13T12:47:18.075] [DEBUG] cheese - login => username:admin,password:123456
[2022-10-13T12:47:18.077] [DEBUG] cheese - admin
[2022-10-13T12:47:18.191] [DEBUG] cheese - null
[2022-10-13T12:47:18.192] [DEBUG] cheese - null
[2022-10-13T12:47:41.289] [DEBUG] cheese - login => username:admin,password:123456
[2022-10-13T12:47:41.289] [DEBUG] cheese - admin
[2022-10-13T12:47:41.292] [DEBUG] cheese - null
[2022-10-13T12:47:41.293] [DEBUG] cheese - null
[2022-10-14T19:48:09.196] [DEBUG] cheese - login => username:admin,password:123456
[2022-10-14T19:48:09.197] [DEBUG] cheese - admin
[2022-10-14T19:48:09.234] [DEBUG] cheese - null
[2022-10-14T19:48:09.234] [DEBUG] cheese - null
[2022-10-14T19:49:36.626] [DEBUG] cheese - login => username:admin,password:123456
[2022-10-14T19:49:36.630] [DEBUG] cheese - admin
[2022-10-14T19:49:36.634] [DEBUG] cheese - null
[2022-10-14T19:49:36.634] [DEBUG] cheese - null
[2022-10-15T11:27:51.832] [DEBUG] cheese - login => username:admin,password:123456
[2022-10-15T11:27:51.834] [DEBUG] cheese - admin
[2022-10-15T11:27:51.925] [DEBUG] cheese - null
[2022-10-15T11:27:51.926] [DEBUG] cheese - null
[2022-10-15T11:30:28.929] [DEBUG] cheese - login => username:admin,password:123456
[2022-10-15T11:30:28.929] [DEBUG] cheese - admin
[2022-10-15T11:30:28.940] [DEBUG] cheese - null
[2022-10-15T11:30:28.940] [DEBUG] cheese - null
[2023-02-06T18:47:55.829] [DEBUG] cheese - login => username:admin,password:123456
[2023-02-06T18:47:55.830] [DEBUG] cheese - admin
[2023-02-06T18:47:55.949] [DEBUG] cheese - null
[2023-02-06T18:47:55.949] [DEBUG] cheese - null
[2023-02-06T19:03:27.015] [DEBUG] cheese - login => username:admin,password:123456
[2023-02-06T19:03:27.017] [DEBUG] cheese - admin
[2023-02-06T19:03:27.019] [DEBUG] cheese - null
[2023-02-06T19:03:27.020] [DEBUG] cheese - null
[2023-02-06T19:06:55.597] [DEBUG] cheese - login => username:admin,password:123456
[2023-02-06T19:06:55.598] [DEBUG] cheese - admin
[2023-02-06T19:06:55.609] [DEBUG] cheese - null
[2023-02-06T19:06:55.610] [DEBUG] cheese - null
[2023-02-06T19:08:33.746] [DEBUG] cheese - login => username:admin,password:123456
[2023-02-06T19:08:33.747] [DEBUG] cheese - admin
[2023-02-06T19:08:33.760] [DEBUG] cheese - null
[2023-02-06T19:08:33.761] [DEBUG] cheese - null
[2023-02-09T18:22:43.041] [DEBUG] cheese - login => username:admin,password:123456
[2023-02-09T18:22:43.042] [DEBUG] cheese - admin
[2023-02-09T18:22:43.196] [DEBUG] cheese - null
[2023-02-09T18:22:43.197] [DEBUG] cheese - null
[2023-02-09T19:06:22.600] [DEBUG] cheese - login => username:admin,password:123456
[2023-02-09T19:06:22.600] [DEBUG] cheese - admin
[2023-02-09T19:06:22.604] [DEBUG] cheese - null
[2023-02-09T19:06:22.605] [DEBUG] cheese - null
[2023-02-09T19:06:57.516] [DEBUG] cheese - login => username:admin,password:123456
[2023-02-09T19:06:57.517] [DEBUG] cheese - admin
[2023-02-09T19:06:57.521] [DEBUG] cheese - null
[2023-02-09T19:06:57.521] [DEBUG] cheese - null
[2023-02-10T10:30:42.411] [DEBUG] cheese - login => username:admin,password:123456
[2023-02-10T10:30:42.412] [DEBUG] cheese - admin
[2023-02-10T10:30:42.432] [DEBUG] cheese - null
[2023-02-10T10:30:42.433] [DEBUG] cheese - null
[2023-02-10T10:41:42.192] [DEBUG] cheese - login => username:admin,password:123456
[2023-02-10T10:41:42.192] [DEBUG] cheese - admin
[2023-02-10T10:41:42.196] [DEBUG] cheese - null
[2023-02-10T10:41:42.196] [DEBUG] cheese - null
[2023-02-10T11:19:33.454] [DEBUG] cheese - login => username:admin,password:123456
[2023-02-10T11:19:33.455] [DEBUG] cheese - admin
[2023-02-10T11:19:33.459] [DEBUG] cheese - null
[2023-02-10T11:19:33.459] [DEBUG] cheese - null
[2023-02-10T11:27:13.980] [DEBUG] cheese - login => username:admin,password:123456
[2023-02-10T11:27:13.980] [DEBUG] cheese - admin
[2023-02-10T11:27:13.985] [DEBUG] cheese - null
[2023-02-10T11:27:13.985] [DEBUG] cheese - null
[2023-02-10T11:27:24.629] [DEBUG] cheese - login => username:admin,password:123456
[2023-02-10T11:27:24.629] [DEBUG] cheese - admin
[2023-02-10T11:27:24.632] [DEBUG] cheese - null
[2023-02-10T11:27:24.633] [DEBUG] cheese - null
[2023-02-10T11:27:32.660] [DEBUG] cheese - login => username:admin,password:123456
[2023-02-10T11:27:32.660] [DEBUG] cheese - admin
[2023-02-10T11:27:32.663] [DEBUG] cheese - null
[2023-02-10T11:27:32.663] [DEBUG] cheese - null
[2023-02-10T11:28:32.830] [DEBUG] cheese - login => username:admin,password:123456
[2023-02-10T11:28:32.830] [DEBUG] cheese - admin
[2023-02-10T11:28:32.832] [DEBUG] cheese - null
[2023-02-10T11:28:32.832] [DEBUG] cheese - null
[2023-02-10T11:29:14.005] [DEBUG] cheese - login => username:admin,password:123456
[2023-02-10T11:29:14.005] [DEBUG] cheese - admin
[2023-02-10T11:29:14.008] [DEBUG] cheese - null
[2023-02-10T11:29:14.008] [DEBUG] cheese - null
[2023-02-10T14:03:16.566] [DEBUG] cheese - login => username:admin,password:123456
[2023-02-10T14:03:16.566] [DEBUG] cheese - admin
[2023-02-10T14:03:16.568] [DEBUG] cheese - null
[2023-02-10T14:03:16.568] [DEBUG] cheese - null
[2023-02-10T14:03:52.927] [DEBUG] cheese - login => username:admin,password:123456
[2023-02-10T14:03:52.927] [DEBUG] cheese - admin
[2023-02-10T14:03:52.932] [DEBUG] cheese - null
[2023-02-10T14:03:52.932] [DEBUG] cheese - null
[2023-02-10T14:05:04.085] [DEBUG] cheese - login => username:admin,password:123456
[2023-02-10T14:05:04.085] [DEBUG] cheese - admin
[2023-02-10T14:05:04.090] [DEBUG] cheese - null
[2023-02-10T14:05:04.090] [DEBUG] cheese - null
[2023-02-10T14:30:36.769] [DEBUG] cheese - login => username:admin,password:123456
[2023-02-10T14:30:36.769] [DEBUG] cheese - admin
[2023-02-10T14:30:36.775] [DEBUG] cheese - null
[2023-02-10T14:30:36.775] [DEBUG] cheese - null
